
  /// MultiQC 🔍 | v1.19

|           multiqc | Report title: Raw reads multiqc
|           multiqc | Search path : /home/projects/22126_NGS/projects/group8/mikkel/NGS-Project/results/rnaseq/fastqc/raw/SRR1782686_pass_fastqc.html
|           multiqc | Search path : /home/projects/22126_NGS/projects/group8/mikkel/NGS-Project/results/rnaseq/fastqc/raw/SRR1782686_pass_fastqc.zip
|           multiqc | Search path : /home/projects/22126_NGS/projects/group8/mikkel/NGS-Project/results/rnaseq/fastqc/raw/SRR1782694_fastqc.html
|           multiqc | Search path : /home/projects/22126_NGS/projects/group8/mikkel/NGS-Project/results/rnaseq/fastqc/raw/SRR1782694_fastqc.zip
|           multiqc | Search path : /home/projects/22126_NGS/projects/group8/mikkel/NGS-Project/results/rnaseq/fastqc/raw/SRR1782695_fastqc.html
|           multiqc | Search path : /home/projects/22126_NGS/projects/group8/mikkel/NGS-Project/results/rnaseq/fastqc/raw/SRR1782695_fastqc.zip
|           multiqc | Search path : /home/projects/22126_NGS/projects/group8/mikkel/NGS-Project/results/rnaseq/fastqc/raw/SRR1782698_fastqc.html
|           multiqc | Search path : /home/projects/22126_NGS/projects/group8/mikkel/NGS-Project/results/rnaseq/fastqc/raw/SRR1782698_fastqc.zip
|           multiqc | Search path : /home/projects/22126_NGS/projects/group8/mikkel/NGS-Project/results/rnaseq/fastqc/raw/SRR1782701_pass_fastqc.html
|           multiqc | Search path : /home/projects/22126_NGS/projects/group8/mikkel/NGS-Project/results/rnaseq/fastqc/raw/SRR1782701_pass_fastqc.zip
|           multiqc | Search path : /home/projects/22126_NGS/projects/group8/mikkel/NGS-Project/results/rnaseq/fastqc/raw/SRR1782703_pass_fastqc.html
|           multiqc | Search path : /home/projects/22126_NGS/projects/group8/mikkel/NGS-Project/results/rnaseq/fastqc/raw/SRR1782703_pass_fastqc.zip
|           multiqc | Search path : /home/projects/22126_NGS/projects/group8/mikkel/NGS-Project/results/rnaseq/fastqc/raw/SRR1782704_fastqc.html
|           multiqc | Search path : /home/projects/22126_NGS/projects/group8/mikkel/NGS-Project/results/rnaseq/fastqc/raw/SRR1782704_fastqc.zip
|           multiqc | Search path : /home/projects/22126_NGS/projects/group8/mikkel/NGS-Project/results/rnaseq/fastqc/raw/SRR1782705_pass_fastqc.html
|           multiqc | Search path : /home/projects/22126_NGS/projects/group8/mikkel/NGS-Project/results/rnaseq/fastqc/raw/SRR1782705_pass_fastqc.zip
|           multiqc | Search path : /home/projects/22126_NGS/projects/group8/mikkel/NGS-Project/results/rnaseq/fastqc/raw/SRR1782715_pass_fastqc.html
|           multiqc | Search path : /home/projects/22126_NGS/projects/group8/mikkel/NGS-Project/results/rnaseq/fastqc/raw/SRR1782715_pass_fastqc.zip
|           multiqc | Search path : /home/projects/22126_NGS/projects/group8/mikkel/NGS-Project/results/rnaseq/fastqc/raw/SRR1782722_pass_fastqc.html
|           multiqc | Search path : /home/projects/22126_NGS/projects/group8/mikkel/NGS-Project/results/rnaseq/fastqc/raw/SRR1782722_pass_fastqc.zip
|           multiqc | Search path : /home/projects/22126_NGS/projects/group8/mikkel/NGS-Project/results/rnaseq/fastqc/raw/SRR1782727_fastqc.html
|           multiqc | Search path : /home/projects/22126_NGS/projects/group8/mikkel/NGS-Project/results/rnaseq/fastqc/raw/SRR1782727_fastqc.zip
|           multiqc | Search path : /home/projects/22126_NGS/projects/group8/mikkel/NGS-Project/results/rnaseq/fastqc/raw/SRR1782730_fastqc.html
|           multiqc | Search path : /home/projects/22126_NGS/projects/group8/mikkel/NGS-Project/results/rnaseq/fastqc/raw/SRR1782730_fastqc.zip
|           multiqc | Search path : /home/projects/22126_NGS/projects/group8/mikkel/NGS-Project/results/rnaseq/fastqc/raw/SRR1782742_fastqc.html
|           multiqc | Search path : /home/projects/22126_NGS/projects/group8/mikkel/NGS-Project/results/rnaseq/fastqc/raw/SRR1782742_fastqc.zip
|           multiqc | Search path : /home/projects/22126_NGS/projects/group8/mikkel/NGS-Project/results/rnaseq/fastqc/raw/SRR1782773_pass_fastqc.html
|           multiqc | Search path : /home/projects/22126_NGS/projects/group8/mikkel/NGS-Project/results/rnaseq/fastqc/raw/SRR1782773_pass_fastqc.zip
|           multiqc | Search path : /home/projects/22126_NGS/projects/group8/mikkel/NGS-Project/results/rnaseq/fastqc/raw/SRR1782774_pass_fastqc.html
|           multiqc | Search path : /home/projects/22126_NGS/projects/group8/mikkel/NGS-Project/results/rnaseq/fastqc/raw/SRR1782774_pass_fastqc.zip
|           multiqc | Search path : /home/projects/22126_NGS/projects/group8/mikkel/NGS-Project/results/rnaseq/fastqc/raw/SRR1782804_pass_fastqc.html
|           multiqc | Search path : /home/projects/22126_NGS/projects/group8/mikkel/NGS-Project/results/rnaseq/fastqc/raw/SRR1782804_pass_fastqc.zip
|           multiqc | Search path : /home/projects/22126_NGS/projects/group8/mikkel/NGS-Project/results/rnaseq/fastqc/raw/SRR1782829_fastqc.html
|           multiqc | Search path : /home/projects/22126_NGS/projects/group8/mikkel/NGS-Project/results/rnaseq/fastqc/raw/SRR1782829_fastqc.zip
|           multiqc | Search path : /home/projects/22126_NGS/projects/group8/mikkel/NGS-Project/results/rnaseq/fastqc/raw/SRR1782834_fastqc.html
|           multiqc | Search path : /home/projects/22126_NGS/projects/group8/mikkel/NGS-Project/results/rnaseq/fastqc/raw/SRR1782834_fastqc.zip
|           multiqc | Search path : /home/projects/22126_NGS/projects/group8/mikkel/NGS-Project/results/rnaseq/fastqc/raw/SRR1782912_fastqc.html
|           multiqc | Search path : /home/projects/22126_NGS/projects/group8/mikkel/NGS-Project/results/rnaseq/fastqc/raw/SRR1782912_fastqc.zip
|           multiqc | Search path : /home/projects/22126_NGS/projects/group8/mikkel/NGS-Project/results/rnaseq/fastqc/raw/SRR1782952_pass_fastqc.html
|           multiqc | Search path : /home/projects/22126_NGS/projects/group8/mikkel/NGS-Project/results/rnaseq/fastqc/raw/SRR1782952_pass_fastqc.zip
|         searching | ━━━━━━━━━━━━━━━━━━━━━━━━━━━━━━━━━━━━━━━━ 100% 40/40  
|            fastqc | Found 20 reports
|           multiqc | Existing reports found, adding suffix to filenames. Use '--force' to overwrite.
|           multiqc | Report      : results/rnaseq/multiqc/raw/Raw-reads-multiqc_multiqc_report_1.html
|           multiqc | Data        : results/rnaseq/multiqc/raw/Raw-reads-multiqc_multiqc_report_data_1
|           multiqc | MultiQC complete

real	0m18.426s
user	0m2.965s
sys	0m1.820s
