data/amplicon/_raw/SRR1210649_1.fastq.gz exists
data/amplicon/_raw/SRR1210661_1.fastq.gz exists
data/amplicon/_raw/SRR1210668_1.fastq.gz exists
data/amplicon/_raw/SRR1210670_1.fastq.gz exists
data/amplicon/_raw/SRR1210671_1.fastq.gz exists
data/amplicon/_raw/SRR1210672_1.fastq.gz exists
data/amplicon/_raw/SRR1210682_1.fastq.gz exists
data/amplicon/_raw/SRR1210683_1.fastq.gz exists
data/amplicon/_raw/SRR1210693_1.fastq.gz exists
data/amplicon/_raw/SRR1210694_1.fastq.gz exists
data/amplicon/_raw/SRR1210707_1.fastq.gz exists
data/amplicon/_raw/SRR1210725_1.fastq.gz exists
data/amplicon/_raw/SRR1210726_1.fastq.gz exists
data/amplicon/_raw/SRR1210728_1.fastq.gz exists
data/amplicon/_raw/SRR1210729_1.fastq.gz exists
data/amplicon/_raw/SRR1210730_1.fastq.gz exists
data/amplicon/_raw/SRR1210739_1.fastq.gz exists
data/amplicon/_raw/SRR1210746_1.fastq.gz exists
data/amplicon/_raw/SRR1210747_1.fastq.gz exists
data/amplicon/_raw/SRR1210751_1.fastq.gz exists
data/amplicon/_raw/SRR1210752_1.fastq.gz exists
data/amplicon/_raw/SRR1210753_1.fastq.gz exists
data/amplicon/_raw/SRR1210758_1.fastq.gz exists
data/amplicon/_raw/SRR1210761_1.fastq.gz exists
data/amplicon/_raw/SRR1210763_1.fastq.gz exists
data/amplicon/_raw/SRR1210764_1.fastq.gz exists
data/amplicon/_raw/SRR1210767_1.fastq.gz exists
data/amplicon/_raw/SRR1211066_1.fastq.gz exists
data/amplicon/_raw/SRR1211067_1.fastq.gz exists
data/amplicon/_raw/SRR1211076_1.fastq.gz exists
data/amplicon/_raw/SRR1211077_1.fastq.gz exists
data/amplicon/_raw/SRR1211078_1.fastq.gz exists
data/amplicon/_raw/SRR1211094_1.fastq.gz exists
data/amplicon/_raw/SRR1211104_1.fastq.gz exists
data/amplicon/_raw/SRR1211119_1.fastq.gz exists
data/amplicon/_raw/SRR1211121_1.fastq.gz exists
data/amplicon/_raw/SRR1211129_1.fastq.gz exists
data/amplicon/_raw/SRR1211142_1.fastq.gz exists
data/amplicon/_raw/SRR1211147_1.fastq.gz exists
data/amplicon/_raw/SRR1211150_1.fastq.gz exists
data/amplicon/_raw/SRR1211155_1.fastq.gz exists
data/amplicon/_raw/SRR1211156_1.fastq.gz exists
data/amplicon/_raw/SRR1211158_1.fastq.gz exists
data/amplicon/_raw/SRR1211161_1.fastq.gz exists
data/amplicon/_raw/SRR1211165_1.fastq.gz exists
data/amplicon/_raw/SRR1211171_1.fastq.gz exists
data/amplicon/_raw/SRR1211176_1.fastq.gz exists
data/amplicon/_raw/SRR1211183_1.fastq.gz exists
data/amplicon/_raw/SRR1211189_1.fastq.gz exists
data/amplicon/_raw/SRR1211406_1.fastq.gz exists
data/amplicon/_raw/SRR1211417_1.fastq.gz exists
data/amplicon/_raw/SRR1211480_1.fastq.gz exists
data/amplicon/_raw/SRR1211491_1.fastq.gz exists
data/amplicon/_raw/SRR1211492_1.fastq.gz exists
data/amplicon/_raw/SRR1211499_1.fastq.gz exists
data/amplicon/_raw/SRR1211500_1.fastq.gz exists
data/amplicon/_raw/SRR1211505_1.fastq.gz exists
data/amplicon/_raw/SRR1211506_1.fastq.gz exists
data/amplicon/_raw/SRR1211511_1.fastq.gz exists
data/amplicon/_raw/SRR1211518_1.fastq.gz exists
data/amplicon/_raw/SRR1211522_1.fastq.gz exists
data/amplicon/_raw/SRR1211530_1.fastq.gz exists
data/amplicon/_raw/SRR1211535_1.fastq.gz exists
data/amplicon/_raw/SRR1211569_1.fastq.gz exists
data/amplicon/_raw/SRR1211593_1.fastq.gz exists
data/amplicon/_raw/SRR1211616_1.fastq.gz exists
data/amplicon/_raw/SRR1211650_1.fastq.gz exists
data/amplicon/_raw/SRR1211658_1.fastq.gz exists
data/amplicon/_raw/SRR1211672_1.fastq.gz exists
data/amplicon/_raw/SRR1211674_1.fastq.gz exists
data/amplicon/_raw/SRR1211675_1.fastq.gz exists
data/amplicon/_raw/SRR1211677_1.fastq.gz exists
data/amplicon/_raw/SRR1211687_1.fastq.gz exists
data/amplicon/_raw/SRR1211701_1.fastq.gz exists
data/amplicon/_raw/SRR1211709_1.fastq.gz exists
data/amplicon/_raw/SRR1212180_1.fastq.gz exists
data/amplicon/_raw/SRR1212191_1.fastq.gz exists
data/amplicon/_raw/SRR1212255_1.fastq.gz exists
data/amplicon/_raw/SRR1212286_1.fastq.gz exists
data/amplicon/_raw/SRR1212290_1.fastq.gz exists
data/amplicon/_raw/SRR1212439_1.fastq.gz exists
data/amplicon/_raw/SRR1212443_1.fastq.gz exists
data/amplicon/_raw/SRR1212468_1.fastq.gz exists
data/amplicon/_raw/SRR1212496_1.fastq.gz exists
data/amplicon/_raw/SRR1212521_1.fastq.gz exists
data/amplicon/_raw/SRR1212526_1.fastq.gz exists
data/amplicon/_raw/SRR1212535_1.fastq.gz exists
data/amplicon/_raw/SRR1212556_1.fastq.gz exists
data/amplicon/_raw/SRR1212559_1.fastq.gz exists
data/amplicon/_raw/SRR1212561_1.fastq.gz exists
data/amplicon/_raw/SRR2061961_1.fastq.gz exists
data/amplicon/_raw/SRR1567628_1.fastq.gz exists
data/amplicon/_raw/SRR1567629_1.fastq.gz exists
data/amplicon/_raw/SRR1211117_1.fastq.gz exists
data/amplicon/_raw/SRR1211519_1.fastq.gz exists
data/amplicon/_raw/SRR1211640_1.fastq.gz exists
data/amplicon/_raw/SRR1211689_1.fastq.gz exists
data/amplicon/_raw/SRR1212551_1.fastq.gz exists
data/amplicon/_raw/SRR1212553_1.fastq.gz exists
data/amplicon/_raw/SRR1567499_1.fastq.gz exists
data/amplicon/_raw/SRR1567500_1.fastq.gz exists
data/amplicon/_raw/SRR1567501_1.fastq.gz exists
data/amplicon/_raw/SRR1567504_1.fastq.gz exists
data/amplicon/_raw/SRR1567508_1.fastq.gz exists
data/amplicon/_raw/SRR1567515_1.fastq.gz exists
data/amplicon/_raw/SRR1567518_1.fastq.gz exists
data/amplicon/_raw/SRR1567519_1.fastq.gz exists
data/amplicon/_raw/SRR1567527_1.fastq.gz exists
data/amplicon/_raw/SRR1567528_1.fastq.gz exists
data/amplicon/_raw/SRR1567532_1.fastq.gz exists
data/amplicon/_raw/SRR1567541_1.fastq.gz exists
data/amplicon/_raw/SRR1567543_1.fastq.gz exists
data/amplicon/_raw/SRR1567544_1.fastq.gz exists
data/amplicon/_raw/SRR1567551_1.fastq.gz exists
data/amplicon/_raw/SRR1567552_1.fastq.gz exists
data/amplicon/_raw/SRR1567555_1.fastq.gz exists
data/amplicon/_raw/SRR1567556_1.fastq.gz exists
data/amplicon/_raw/SRR1567561_1.fastq.gz exists
data/amplicon/_raw/SRR1567563_1.fastq.gz exists
data/amplicon/_raw/SRR1567565_1.fastq.gz exists
data/amplicon/_raw/SRR1567566_1.fastq.gz exists
data/amplicon/_raw/SRR1567567_1.fastq.gz exists
data/amplicon/_raw/SRR1567570_1.fastq.gz exists
data/amplicon/_raw/SRR1567571_1.fastq.gz exists
data/amplicon/_raw/SRR1567573_1.fastq.gz exists
data/amplicon/_raw/SRR1567575_1.fastq.gz exists
data/amplicon/_raw/SRR1567576_1.fastq.gz exists
data/amplicon/_raw/SRR1567579_1.fastq.gz exists
data/amplicon/_raw/SRR1567580_1.fastq.gz exists
data/amplicon/_raw/SRR1567583_1.fastq.gz exists
data/amplicon/_raw/SRR1567584_1.fastq.gz exists
data/amplicon/_raw/SRR1567588_1.fastq.gz exists
data/amplicon/_raw/SRR1567589_1.fastq.gz exists
data/amplicon/_raw/SRR1567592_1.fastq.gz exists
data/amplicon/_raw/SRR1567594_1.fastq.gz exists
data/amplicon/_raw/SRR1567595_1.fastq.gz exists
data/amplicon/_raw/SRR1567598_1.fastq.gz exists
data/amplicon/_raw/SRR1567599_1.fastq.gz exists
data/amplicon/_raw/SRR1567600_1.fastq.gz exists
data/amplicon/_raw/SRR1567601_1.fastq.gz exists
data/amplicon/_raw/SRR1567602_1.fastq.gz exists
data/amplicon/_raw/SRR1567603_1.fastq.gz exists
data/amplicon/_raw/SRR1567604_1.fastq.gz exists
data/amplicon/_raw/SRR1567609_1.fastq.gz exists
data/amplicon/_raw/SRR1567612_1.fastq.gz exists
data/amplicon/_raw/SRR1567617_1.fastq.gz exists
data/amplicon/_raw/SRR1567620_1.fastq.gz exists
data/amplicon/_raw/SRR1567621_1.fastq.gz exists
data/amplicon/_raw/SRR1567622_1.fastq.gz exists
data/amplicon/_raw/SRR1567625_1.fastq.gz exists
data/amplicon/_raw/SRR1567626_1.fastq.gz exists
data/amplicon/_raw/SRR1567627_1.fastq.gz exists
data/amplicon/_raw/SRR1567632_1.fastq.gz exists
data/amplicon/_raw/SRR1567636_1.fastq.gz exists
data/amplicon/_raw/SRR1567637_1.fastq.gz exists
data/amplicon/_raw/SRR1567638_1.fastq.gz exists
data/amplicon/_raw/SRR1567639_1.fastq.gz exists
data/amplicon/_raw/SRR1567640_1.fastq.gz exists
data/amplicon/_raw/SRR1567641_1.fastq.gz exists
data/amplicon/_raw/SRR1567643_1.fastq.gz exists
data/amplicon/_raw/SRR1567645_1.fastq.gz exists
data/amplicon/_raw/SRR1567646_1.fastq.gz exists
data/amplicon/_raw/SRR1567649_1.fastq.gz exists
data/amplicon/_raw/SRR1567651_1.fastq.gz exists
data/amplicon/_raw/SRR1567653_1.fastq.gz exists
data/amplicon/_raw/SRR1567654_1.fastq.gz exists
data/amplicon/_raw/SRR1567655_1.fastq.gz exists
data/amplicon/_raw/SRR1567656_1.fastq.gz exists
data/amplicon/_raw/SRR1567657_1.fastq.gz exists
data/amplicon/_raw/SRR1567658_1.fastq.gz exists
data/amplicon/_raw/SRR1567660_1.fastq.gz exists
data/amplicon/_raw/SRR1567662_1.fastq.gz exists
data/amplicon/_raw/SRR1567664_1.fastq.gz exists
data/amplicon/_raw/SRR1567667_1.fastq.gz exists
data/amplicon/_raw/SRR1567669_1.fastq.gz exists
data/amplicon/_raw/SRR1567675_1.fastq.gz exists
data/amplicon/_raw/SRR1567678_1.fastq.gz exists
data/amplicon/_raw/SRR1567679_1.fastq.gz exists
data/amplicon/_raw/SRR1567680_1.fastq.gz exists
data/amplicon/_raw/SRR1567683_1.fastq.gz exists
data/amplicon/_raw/SRR1567685_1.fastq.gz exists
data/amplicon/_raw/SRR1567691_1.fastq.gz exists
data/amplicon/_raw/SRR1567692_1.fastq.gz exists
data/amplicon/_raw/SRR1567693_1.fastq.gz exists
data/amplicon/_raw/SRR1567696_1.fastq.gz exists
data/amplicon/_raw/SRR1567698_1.fastq.gz exists
data/amplicon/_raw/SRR1567702_1.fastq.gz exists
data/amplicon/_raw/SRR1567705_1.fastq.gz exists
data/amplicon/_raw/SRR1567707_1.fastq.gz exists
data/amplicon/_raw/SRR1567708_1.fastq.gz exists
data/amplicon/_raw/SRR1567722_1.fastq.gz exists
data/amplicon/_raw/SRR1567725_1.fastq.gz exists
data/amplicon/_raw/SRR1567727_1.fastq.gz exists
data/amplicon/_raw/SRR1567728_1.fastq.gz exists
data/amplicon/_raw/SRR1567729_1.fastq.gz exists
data/amplicon/_raw/SRR1567730_1.fastq.gz exists
data/amplicon/_raw/SRR1567731_1.fastq.gz exists
data/amplicon/_raw/SRR1567732_1.fastq.gz exists
data/amplicon/_raw/SRR1567735_1.fastq.gz exists
data/amplicon/_raw/SRR1567737_1.fastq.gz exists
data/amplicon/_raw/SRR1567743_1.fastq.gz exists
data/amplicon/_raw/SRR1567744_1.fastq.gz exists
data/amplicon/_raw/SRR1567745_1.fastq.gz exists
data/amplicon/_raw/SRR1567746_1.fastq.gz exists
data/amplicon/_raw/SRR1567748_1.fastq.gz exists
data/amplicon/_raw/SRR1567751_1.fastq.gz exists
data/amplicon/_raw/SRR1567754_1.fastq.gz exists
data/amplicon/_raw/SRR1567758_1.fastq.gz exists
data/amplicon/_raw/SRR1567759_1.fastq.gz exists
data/amplicon/_raw/SRR1567760_1.fastq.gz exists
data/amplicon/_raw/SRR1567761_1.fastq.gz exists
data/amplicon/_raw/SRR1567763_1.fastq.gz exists
data/amplicon/_raw/SRR1567764_1.fastq.gz exists
data/amplicon/_raw/SRR1567766_1.fastq.gz exists
data/amplicon/_raw/SRR1567767_1.fastq.gz exists
data/amplicon/_raw/SRR1567768_1.fastq.gz exists
data/amplicon/_raw/SRR1567769_1.fastq.gz exists
data/amplicon/_raw/SRR1567770_1.fastq.gz exists
data/amplicon/_raw/SRR1567773_1.fastq.gz exists
data/amplicon/_raw/SRR1567776_1.fastq.gz exists
data/amplicon/_raw/SRR1567777_1.fastq.gz exists
data/amplicon/_raw/SRR1567778_1.fastq.gz exists
data/amplicon/_raw/SRR1567779_1.fastq.gz exists
data/amplicon/_raw/SRR1567780_1.fastq.gz exists
data/amplicon/_raw/SRR1567806_1.fastq.gz exists
data/amplicon/_raw/SRR1567807_1.fastq.gz exists
data/amplicon/_raw/SRR1567809_1.fastq.gz exists
data/amplicon/_raw/SRR1567810_1.fastq.gz exists
data/amplicon/_raw/SRR1567814_1.fastq.gz exists
data/amplicon/_raw/SRR1567815_1.fastq.gz exists
data/amplicon/_raw/SRR1567816_1.fastq.gz exists
data/amplicon/_raw/SRR1210749_1.fastq.gz exists
data/amplicon/_raw/SRR1210755_1.fastq.gz exists
data/amplicon/_raw/SRR1211092_1.fastq.gz exists
data/amplicon/_raw/SRR1211400_1.fastq.gz exists
data/amplicon/_raw/SRR1211510_1.fastq.gz exists
data/amplicon/_raw/SRR1211676_1.fastq.gz exists
data/amplicon/_raw/SRR1212479_1.fastq.gz exists
data/amplicon/_raw/SRR1212587_1.fastq.gz exists
data/amplicon/_raw/SRR1212589_1.fastq.gz exists
data/amplicon/_raw/SRR1212599_1.fastq.gz exists
data/amplicon/_raw/SRR1212613_1.fastq.gz exists
data/amplicon/_raw/SRR1212614_1.fastq.gz exists
data/amplicon/_raw/SRR1212636_1.fastq.gz exists
data/amplicon/_raw/SRR1212637_1.fastq.gz exists
data/amplicon/_raw/SRR1212646_1.fastq.gz exists
data/amplicon/_raw/SRR1212647_1.fastq.gz exists
data/amplicon/_raw/SRR1212649_1.fastq.gz exists
data/amplicon/_raw/SRR1212659_1.fastq.gz exists
data/amplicon/_raw/SRR1212668_1.fastq.gz exists
data/amplicon/_raw/SRR1212675_1.fastq.gz exists
data/amplicon/_raw/SRR1212677_1.fastq.gz exists
data/amplicon/_raw/SRR1212679_1.fastq.gz exists
data/amplicon/_raw/SRR1212685_1.fastq.gz exists
data/amplicon/_raw/SRR1212687_1.fastq.gz exists
data/amplicon/_raw/SRR1212689_1.fastq.gz exists
data/amplicon/_raw/SRR1212701_1.fastq.gz exists
data/amplicon/_raw/SRR1212704_1.fastq.gz exists
data/amplicon/_raw/SRR1212706_1.fastq.gz exists
data/amplicon/_raw/SRR1212708_1.fastq.gz exists
data/amplicon/_raw/SRR1212734_1.fastq.gz exists
data/amplicon/_raw/SRR1212760_1.fastq.gz exists
data/amplicon/_raw/SRR1212775_1.fastq.gz exists
data/amplicon/_raw/SRR1212787_1.fastq.gz exists
data/amplicon/_raw/SRR1212788_1.fastq.gz exists
data/amplicon/_raw/SRR1212790_1.fastq.gz exists
data/amplicon/_raw/SRR1212791_1.fastq.gz exists
data/amplicon/_raw/SRR1212820_1.fastq.gz exists
data/amplicon/_raw/SRR1212832_1.fastq.gz exists
data/amplicon/_raw/SRR1212837_1.fastq.gz exists
data/amplicon/_raw/SRR1212840_1.fastq.gz exists
data/amplicon/_raw/SRR1212841_1.fastq.gz exists
data/amplicon/_raw/SRR1212844_1.fastq.gz exists
data/amplicon/_raw/SRR1212846_1.fastq.gz exists
data/amplicon/_raw/SRR1212856_1.fastq.gz exists
data/amplicon/_raw/SRR1213160_1.fastq.gz exists
data/amplicon/_raw/SRR1213161_1.fastq.gz exists
data/amplicon/_raw/SRR1213163_1.fastq.gz exists
data/amplicon/_raw/SRR1213192_1.fastq.gz exists
data/amplicon/_raw/SRR1213204_1.fastq.gz exists
data/amplicon/_raw/SRR1213565_1.fastq.gz exists
data/amplicon/_raw/SRR1213705_1.fastq.gz exists
data/amplicon/_raw/SRR1213710_1.fastq.gz exists
data/amplicon/_raw/SRR1213723_1.fastq.gz exists
data/amplicon/_raw/SRR1213730_1.fastq.gz exists
data/amplicon/_raw/SRR1213731_1.fastq.gz exists
data/amplicon/_raw/SRR1213732_1.fastq.gz exists
data/amplicon/_raw/SRR1213766_1.fastq.gz exists
data/amplicon/_raw/SRR1213769_1.fastq.gz exists
data/amplicon/_raw/SRR1213783_1.fastq.gz exists
data/amplicon/_raw/SRR1213811_1.fastq.gz exists
data/amplicon/_raw/SRR1213813_1.fastq.gz exists
data/amplicon/_raw/SRR1213825_1.fastq.gz exists
data/amplicon/_raw/SRR1213835_1.fastq.gz exists
data/amplicon/_raw/SRR1213841_1.fastq.gz exists
data/amplicon/_raw/SRR1213864_1.fastq.gz exists
data/amplicon/_raw/SRR1213868_1.fastq.gz exists
data/amplicon/_raw/SRR1213869_1.fastq.gz exists
data/amplicon/_raw/SRR1213886_1.fastq.gz exists
data/amplicon/_raw/SRR1213918_1.fastq.gz exists
data/amplicon/_raw/SRR1213945_1.fastq.gz exists
data/amplicon/_raw/SRR1213952_1.fastq.gz exists
data/amplicon/_raw/SRR1213961_1.fastq.gz exists
data/amplicon/_raw/SRR1213989_1.fastq.gz exists
data/amplicon/_raw/SRR1214008_1.fastq.gz exists
data/amplicon/_raw/SRR1214012_1.fastq.gz exists
data/amplicon/_raw/SRR1214013_1.fastq.gz exists
data/amplicon/_raw/SRR1214022_1.fastq.gz exists
data/amplicon/_raw/SRR1214026_1.fastq.gz exists
data/amplicon/_raw/SRR1214030_1.fastq.gz exists
data/amplicon/_raw/SRR1214035_1.fastq.gz exists
data/amplicon/_raw/SRR1214048_1.fastq.gz exists
data/amplicon/_raw/SRR1214052_1.fastq.gz exists
data/amplicon/_raw/SRR1214061_1.fastq.gz exists
data/amplicon/_raw/SRR1214074_1.fastq.gz exists
data/amplicon/_raw/SRR1214084_1.fastq.gz exists
data/amplicon/_raw/SRR1214094_1.fastq.gz exists
data/amplicon/_raw/SRR1214098_1.fastq.gz exists
data/amplicon/_raw/SRR1214099_1.fastq.gz exists
data/amplicon/_raw/SRR1214112_1.fastq.gz exists
data/amplicon/_raw/SRR1214114_1.fastq.gz exists
data/amplicon/_raw/SRR1214121_1.fastq.gz exists
data/amplicon/_raw/SRR1214151_1.fastq.gz exists
data/amplicon/_raw/SRR1214161_1.fastq.gz exists
data/amplicon/_raw/SRR1214170_1.fastq.gz exists
data/amplicon/_raw/SRR1214171_1.fastq.gz exists
data/amplicon/_raw/SRR1214211_1.fastq.gz exists
data/amplicon/_raw/SRR1214212_1.fastq.gz exists
data/amplicon/_raw/SRR1214219_1.fastq.gz exists
data/amplicon/_raw/SRR1214220_1.fastq.gz exists
data/amplicon/_raw/SRR1214224_1.fastq.gz exists
data/amplicon/_raw/SRR1214229_1.fastq.gz exists
data/amplicon/_raw/SRR1214241_1.fastq.gz exists
data/amplicon/_raw/SRR1214242_1.fastq.gz exists
data/amplicon/_raw/SRR1214247_1.fastq.gz exists
data/amplicon/_raw/SRR1214250_1.fastq.gz exists
data/amplicon/_raw/SRR1214256_1.fastq.gz exists
data/amplicon/_raw/SRR1214258_1.fastq.gz exists
data/amplicon/_raw/SRR1214259_1.fastq.gz exists
data/amplicon/_raw/SRR1214266_1.fastq.gz exists
data/amplicon/_raw/SRR1214275_1.fastq.gz exists
data/amplicon/_raw/SRR1214294_1.fastq.gz exists
data/amplicon/_raw/SRR1214301_1.fastq.gz exists
data/amplicon/_raw/SRR1214302_1.fastq.gz exists
data/amplicon/_raw/SRR1214303_1.fastq.gz exists
data/amplicon/_raw/SRR1214314_1.fastq.gz exists
data/amplicon/_raw/SRR1214321_1.fastq.gz exists
data/amplicon/_raw/SRR1214356_1.fastq.gz exists
data/amplicon/_raw/SRR1214372_1.fastq.gz exists
data/amplicon/_raw/SRR1214384_1.fastq.gz exists
data/amplicon/_raw/SRR1214390_1.fastq.gz exists
data/amplicon/_raw/SRR1214399_1.fastq.gz exists
data/amplicon/_raw/SRR1214446_1.fastq.gz exists
data/amplicon/_raw/SRR1214458_1.fastq.gz exists
data/amplicon/_raw/SRR1214506_1.fastq.gz exists
data/amplicon/_raw/SRR1214514_1.fastq.gz exists
data/amplicon/_raw/SRR1214588_1.fastq.gz exists
data/amplicon/_raw/SRR1214595_1.fastq.gz exists
data/amplicon/_raw/SRR1214934_1.fastq.gz exists
data/amplicon/_raw/SRR1215301_1.fastq.gz exists
data/amplicon/_raw/SRR1215343_1.fastq.gz exists
data/amplicon/_raw/SRR1215349_1.fastq.gz exists
data/amplicon/_raw/SRR1215446_1.fastq.gz exists
data/amplicon/_raw/SRR1215447_1.fastq.gz exists
data/amplicon/_raw/SRR1214345_1.fastq.gz exists
data/amplicon/_raw/SRR1214347_1.fastq.gz exists
data/amplicon/_raw/SRR1214349_1.fastq.gz exists
data/amplicon/_raw/SRR1214363_1.fastq.gz exists
data/amplicon/_raw/SRR1214391_1.fastq.gz exists
data/amplicon/_raw/SRR1214478_1.fastq.gz exists
data/amplicon/_raw/SRR1214731_1.fastq.gz exists
data/amplicon/_raw/SRR1214889_1.fastq.gz exists
data/amplicon/_raw/SRR1214902_1.fastq.gz exists
data/amplicon/_raw/SRR1214968_1.fastq.gz exists
data/amplicon/_raw/SRR1215305_1.fastq.gz exists
data/amplicon/_raw/SRR1215445_1.fastq.gz exists
data/amplicon/_raw/SRR1212588_1.fastq.gz exists
data/amplicon/_raw/SRR1212590_1.fastq.gz exists
data/amplicon/_raw/SRR1212591_1.fastq.gz exists
data/amplicon/_raw/SRR1212603_1.fastq.gz exists
data/amplicon/_raw/SRR1212611_1.fastq.gz exists
data/amplicon/_raw/SRR1212612_1.fastq.gz exists
data/amplicon/_raw/SRR1212623_1.fastq.gz exists
data/amplicon/_raw/SRR1212624_1.fastq.gz exists
data/amplicon/_raw/SRR1212634_1.fastq.gz exists
data/amplicon/_raw/SRR1212660_1.fastq.gz exists
data/amplicon/_raw/SRR1212670_1.fastq.gz exists
data/amplicon/_raw/SRR1212671_1.fastq.gz exists
data/amplicon/_raw/SRR1212676_1.fastq.gz exists
data/amplicon/_raw/SRR1212678_1.fastq.gz exists
data/amplicon/_raw/SRR1212681_1.fastq.gz exists
data/amplicon/_raw/SRR1212682_1.fastq.gz exists
data/amplicon/_raw/SRR1212692_1.fastq.gz exists
data/amplicon/_raw/SRR1212697_1.fastq.gz exists
data/amplicon/_raw/SRR1212732_1.fastq.gz exists
data/amplicon/_raw/SRR1212733_1.fastq.gz exists
data/amplicon/_raw/SRR1212736_1.fastq.gz exists
data/amplicon/_raw/SRR1212746_1.fastq.gz exists
data/amplicon/_raw/SRR1212747_1.fastq.gz exists
data/amplicon/_raw/SRR1212748_1.fastq.gz exists
data/amplicon/_raw/SRR1212749_1.fastq.gz exists
data/amplicon/_raw/SRR1212757_1.fastq.gz exists
data/amplicon/_raw/SRR1212759_1.fastq.gz exists
data/amplicon/_raw/SRR1212773_1.fastq.gz exists
data/amplicon/_raw/SRR1212802_1.fastq.gz exists
data/amplicon/_raw/SRR1212804_1.fastq.gz exists
data/amplicon/_raw/SRR1212811_1.fastq.gz exists
data/amplicon/_raw/SRR1212814_1.fastq.gz exists
data/amplicon/_raw/SRR1212815_1.fastq.gz exists
data/amplicon/_raw/SRR1212816_1.fastq.gz exists
data/amplicon/_raw/SRR1212824_1.fastq.gz exists
data/amplicon/_raw/SRR1212836_1.fastq.gz exists
data/amplicon/_raw/SRR1212843_1.fastq.gz exists
data/amplicon/_raw/SRR1212845_1.fastq.gz exists
data/amplicon/_raw/SRR1212850_1.fastq.gz exists
data/amplicon/_raw/SRR1212857_1.fastq.gz exists
data/amplicon/_raw/SRR1213162_1.fastq.gz exists
data/amplicon/_raw/SRR1213189_1.fastq.gz exists
data/amplicon/_raw/SRR1213190_1.fastq.gz exists
data/amplicon/_raw/SRR1213193_1.fastq.gz exists
data/amplicon/_raw/SRR1213194_1.fastq.gz exists
data/amplicon/_raw/SRR1213195_1.fastq.gz exists
data/amplicon/_raw/SRR1213196_1.fastq.gz exists
data/amplicon/_raw/SRR1213205_1.fastq.gz exists
data/amplicon/_raw/SRR1213735_1.fastq.gz exists
data/amplicon/_raw/SRR1213761_1.fastq.gz exists
data/amplicon/_raw/SRR1213762_1.fastq.gz exists
data/amplicon/_raw/SRR1213767_1.fastq.gz exists
data/amplicon/_raw/SRR1213822_1.fastq.gz exists
data/amplicon/_raw/SRR1213823_1.fastq.gz exists
data/amplicon/_raw/SRR1213840_1.fastq.gz exists
data/amplicon/_raw/SRR1213862_1.fastq.gz exists
data/amplicon/_raw/SRR1213875_1.fastq.gz exists
data/amplicon/_raw/SRR1213899_1.fastq.gz exists
data/amplicon/_raw/SRR1213919_1.fastq.gz exists
data/amplicon/_raw/SRR1213931_1.fastq.gz exists
data/amplicon/_raw/SRR1213949_1.fastq.gz exists
data/amplicon/_raw/SRR1213951_1.fastq.gz exists
data/amplicon/_raw/SRR1213955_1.fastq.gz exists
data/amplicon/_raw/SRR1213980_1.fastq.gz exists
data/amplicon/_raw/SRR1213985_1.fastq.gz exists
data/amplicon/_raw/SRR1213986_1.fastq.gz exists
data/amplicon/_raw/SRR1213993_1.fastq.gz exists
data/amplicon/_raw/SRR1213996_1.fastq.gz exists
data/amplicon/_raw/SRR1214010_1.fastq.gz exists
data/amplicon/_raw/SRR1214016_1.fastq.gz exists
data/amplicon/_raw/SRR1214018_1.fastq.gz exists
data/amplicon/_raw/SRR1214024_1.fastq.gz exists
data/amplicon/_raw/SRR1214036_1.fastq.gz exists
data/amplicon/_raw/SRR1214037_1.fastq.gz exists
data/amplicon/_raw/SRR1214044_1.fastq.gz exists
data/amplicon/_raw/SRR1214045_1.fastq.gz exists
data/amplicon/_raw/SRR1214046_1.fastq.gz exists
data/amplicon/_raw/SRR1214051_1.fastq.gz exists
data/amplicon/_raw/SRR1214053_1.fastq.gz exists
data/amplicon/_raw/SRR1214067_1.fastq.gz exists
data/amplicon/_raw/SRR1214068_1.fastq.gz exists
data/amplicon/_raw/SRR1214069_1.fastq.gz exists
data/amplicon/_raw/SRR1214073_1.fastq.gz exists
data/amplicon/_raw/SRR1214085_1.fastq.gz exists
data/amplicon/_raw/SRR1214115_1.fastq.gz exists
data/amplicon/_raw/SRR1214144_1.fastq.gz exists
data/amplicon/_raw/SRR1214150_1.fastq.gz exists
data/amplicon/_raw/SRR1214172_1.fastq.gz exists
data/amplicon/_raw/SRR1214204_1.fastq.gz exists
data/amplicon/_raw/SRR1214228_1.fastq.gz exists
data/amplicon/_raw/SRR1214237_1.fastq.gz exists
data/amplicon/_raw/SRR1214239_1.fastq.gz exists
data/amplicon/_raw/SRR1214257_1.fastq.gz exists
data/amplicon/_raw/SRR1214265_1.fastq.gz exists
data/amplicon/_raw/SRR1214273_1.fastq.gz exists
data/amplicon/_raw/SRR1214274_1.fastq.gz exists
data/amplicon/_raw/SRR1214276_1.fastq.gz exists
data/amplicon/_raw/SRR1214291_1.fastq.gz exists
data/amplicon/_raw/SRR1214292_1.fastq.gz exists
data/amplicon/_raw/SRR1214309_1.fastq.gz exists
data/amplicon/_raw/SRR1214312_1.fastq.gz exists
data/amplicon/_raw/SRR1214315_1.fastq.gz exists
data/amplicon/_raw/SRR1214322_1.fastq.gz exists
data/amplicon/_raw/SRR1214329_1.fastq.gz exists
data/amplicon/_raw/SRR1214335_1.fastq.gz exists
data/amplicon/_raw/SRR1214346_1.fastq.gz exists
data/amplicon/_raw/SRR1214371_1.fastq.gz exists
data/amplicon/_raw/SRR1214381_1.fastq.gz exists
data/amplicon/_raw/SRR1214401_1.fastq.gz exists
data/amplicon/_raw/SRR1214442_1.fastq.gz exists
data/amplicon/_raw/SRR1214444_1.fastq.gz exists
data/amplicon/_raw/SRR1214534_1.fastq.gz exists
data/amplicon/_raw/SRR1215408_1.fastq.gz exists
data/amplicon/_raw/SRR1214348_1.fastq.gz exists
data/amplicon/_raw/SRR1214365_1.fastq.gz exists
data/amplicon/_raw/SRR1214385_1.fastq.gz exists
data/amplicon/_raw/SRR1214441_1.fastq.gz exists
data/amplicon/_raw/SRR1214459_1.fastq.gz exists
data/amplicon/_raw/SRR1214533_1.fastq.gz exists
data/amplicon/_raw/SRR1214541_1.fastq.gz exists
data/amplicon/_raw/SRR1214723_1.fastq.gz exists
data/amplicon/_raw/SRR1214748_1.fastq.gz exists
data/amplicon/_raw/SRR1214866_1.fastq.gz exists
data/amplicon/_raw/SRR1215274_1.fastq.gz exists
data/amplicon/_raw/SRR1215320_1.fastq.gz exists
data/amplicon/_raw/SRR1215331_1.fastq.gz exists
data/amplicon/_raw/SRR1215337_1.fastq.gz exists
data/amplicon/_raw/SRR1215370_1.fastq.gz exists
Processing line: SRR1567686
--gzip --skip-technical --readids --read-filter pass --dumpbase --clip -O data/amplicon/_raw/ --split-files SRR1567686
Read 6796 spots for SRR1567686
Written 5960 spots for SRR1567686
Processing line: SRR1567618
--gzip --skip-technical --readids --read-filter pass --dumpbase --clip -O data/amplicon/_raw/ --split-files SRR1567618
Read 10095 spots for SRR1567618
Written 8529 spots for SRR1567618
Processing line: SRR1567677
--gzip --skip-technical --readids --read-filter pass --dumpbase --clip -O data/amplicon/_raw/ --split-files SRR1567677
Read 31525 spots for SRR1567677
Written 27436 spots for SRR1567677
Processing line: SRR1567650
--gzip --skip-technical --readids --read-filter pass --dumpbase --clip -O data/amplicon/_raw/ --split-files SRR1567650
Read 25725 spots for SRR1567650
Written 22051 spots for SRR1567650
Processing line: SRR1567596
--gzip --skip-technical --readids --read-filter pass --dumpbase --clip -O data/amplicon/_raw/ --split-files SRR1567596
Read 29508 spots for SRR1567596
Written 24788 spots for SRR1567596
Processing line: SRR1567684
--gzip --skip-technical --readids --read-filter pass --dumpbase --clip -O data/amplicon/_raw/ --split-files SRR1567684
Read 34079 spots for SRR1567684
Written 25521 spots for SRR1567684
Processing line: SRR1567591
--gzip --skip-technical --readids --read-filter pass --dumpbase --clip -O data/amplicon/_raw/ --split-files SRR1567591
Read 33505 spots for SRR1567591
Written 22779 spots for SRR1567591
Processing line: SRR1567688
--gzip --skip-technical --readids --read-filter pass --dumpbase --clip -O data/amplicon/_raw/ --split-files SRR1567688
Read 16813 spots for SRR1567688
Written 14741 spots for SRR1567688
Processing line: SRR1567606
--gzip --skip-technical --readids --read-filter pass --dumpbase --clip -O data/amplicon/_raw/ --split-files SRR1567606
Read 46091 spots for SRR1567606
Written 35254 spots for SRR1567606
Processing line: SRR1567706
--gzip --skip-technical --readids --read-filter pass --dumpbase --clip -O data/amplicon/_raw/ --split-files SRR1567706
Read 30877 spots for SRR1567706
Written 26540 spots for SRR1567706
Processing line: SRR1567530
--gzip --skip-technical --readids --read-filter pass --dumpbase --clip -O data/amplicon/_raw/ --split-files SRR1567530
Read 38185 spots for SRR1567530
Written 28632 spots for SRR1567530
Processing line: SRR1567749
--gzip --skip-technical --readids --read-filter pass --dumpbase --clip -O data/amplicon/_raw/ --split-files SRR1567749
Read 29837 spots for SRR1567749
Written 25408 spots for SRR1567749
Processing line: SRR1567682
--gzip --skip-technical --readids --read-filter pass --dumpbase --clip -O data/amplicon/_raw/ --split-files SRR1567682
Read 61904 spots for SRR1567682
Written 50659 spots for SRR1567682
Processing line: SRR1567752
--gzip --skip-technical --readids --read-filter pass --dumpbase --clip -O data/amplicon/_raw/ --split-files SRR1567752
Read 35948 spots for SRR1567752
Written 26640 spots for SRR1567752
Processing line: SRR1567805
--gzip --skip-technical --readids --read-filter pass --dumpbase --clip -O data/amplicon/_raw/ --split-files SRR1567805
Read 55964 spots for SRR1567805
Written 39428 spots for SRR1567805
