Started analysis of SRR1782704_trimmed.fastq.gz
Too many tiles (>1000) so giving up trying to do per-tile qualities since we're probably parsing the file wrongly
Approx 5% complete for SRR1782704_trimmed.fastq.gz
Approx 10% complete for SRR1782704_trimmed.fastq.gz
Approx 15% complete for SRR1782704_trimmed.fastq.gz
Approx 20% complete for SRR1782704_trimmed.fastq.gz
Approx 25% complete for SRR1782704_trimmed.fastq.gz
Approx 30% complete for SRR1782704_trimmed.fastq.gz
Approx 35% complete for SRR1782704_trimmed.fastq.gz
Approx 40% complete for SRR1782704_trimmed.fastq.gz
Approx 45% complete for SRR1782704_trimmed.fastq.gz
Approx 50% complete for SRR1782704_trimmed.fastq.gz
Approx 55% complete for SRR1782704_trimmed.fastq.gz
Approx 60% complete for SRR1782704_trimmed.fastq.gz
Approx 65% complete for SRR1782704_trimmed.fastq.gz
Approx 70% complete for SRR1782704_trimmed.fastq.gz
Approx 75% complete for SRR1782704_trimmed.fastq.gz
Approx 80% complete for SRR1782704_trimmed.fastq.gz
Approx 85% complete for SRR1782704_trimmed.fastq.gz
Approx 90% complete for SRR1782704_trimmed.fastq.gz
Approx 95% complete for SRR1782704_trimmed.fastq.gz
Started analysis of SRR1782698_trimmed.fastq.gz
Too many tiles (>1000) so giving up trying to do per-tile qualities since we're probably parsing the file wrongly
Approx 5% complete for SRR1782698_trimmed.fastq.gz
Approx 10% complete for SRR1782698_trimmed.fastq.gz
Approx 15% complete for SRR1782698_trimmed.fastq.gz
Approx 20% complete for SRR1782698_trimmed.fastq.gz
Approx 25% complete for SRR1782698_trimmed.fastq.gz
Approx 30% complete for SRR1782698_trimmed.fastq.gz
Approx 35% complete for SRR1782698_trimmed.fastq.gz
Approx 40% complete for SRR1782698_trimmed.fastq.gz
Approx 45% complete for SRR1782698_trimmed.fastq.gz
Approx 50% complete for SRR1782698_trimmed.fastq.gz
Approx 55% complete for SRR1782698_trimmed.fastq.gz
Approx 60% complete for SRR1782698_trimmed.fastq.gz
Approx 65% complete for SRR1782698_trimmed.fastq.gz
Approx 70% complete for SRR1782698_trimmed.fastq.gz
Approx 75% complete for SRR1782698_trimmed.fastq.gz
Approx 80% complete for SRR1782698_trimmed.fastq.gz
Approx 85% complete for SRR1782698_trimmed.fastq.gz
Approx 90% complete for SRR1782698_trimmed.fastq.gz
Approx 95% complete for SRR1782698_trimmed.fastq.gz
Started analysis of SRR1782694_trimmed.fastq.gz
Too many tiles (>1000) so giving up trying to do per-tile qualities since we're probably parsing the file wrongly
Approx 5% complete for SRR1782694_trimmed.fastq.gz
Approx 10% complete for SRR1782694_trimmed.fastq.gz
Approx 15% complete for SRR1782694_trimmed.fastq.gz
Approx 20% complete for SRR1782694_trimmed.fastq.gz
Approx 25% complete for SRR1782694_trimmed.fastq.gz
Approx 30% complete for SRR1782694_trimmed.fastq.gz
Approx 35% complete for SRR1782694_trimmed.fastq.gz
Approx 40% complete for SRR1782694_trimmed.fastq.gz
Approx 45% complete for SRR1782694_trimmed.fastq.gz
Approx 50% complete for SRR1782694_trimmed.fastq.gz
Approx 55% complete for SRR1782694_trimmed.fastq.gz
Approx 60% complete for SRR1782694_trimmed.fastq.gz
Approx 65% complete for SRR1782694_trimmed.fastq.gz
Approx 70% complete for SRR1782694_trimmed.fastq.gz
Approx 75% complete for SRR1782694_trimmed.fastq.gz
Approx 80% complete for SRR1782694_trimmed.fastq.gz
Approx 85% complete for SRR1782694_trimmed.fastq.gz
Approx 90% complete for SRR1782694_trimmed.fastq.gz
Approx 95% complete for SRR1782694_trimmed.fastq.gz
Started analysis of SRR1782695_trimmed.fastq.gz
Too many tiles (>1000) so giving up trying to do per-tile qualities since we're probably parsing the file wrongly
Approx 5% complete for SRR1782695_trimmed.fastq.gz
Approx 10% complete for SRR1782695_trimmed.fastq.gz
Approx 15% complete for SRR1782695_trimmed.fastq.gz
Approx 20% complete for SRR1782695_trimmed.fastq.gz
Approx 25% complete for SRR1782695_trimmed.fastq.gz
Approx 30% complete for SRR1782695_trimmed.fastq.gz
Approx 35% complete for SRR1782695_trimmed.fastq.gz
Approx 40% complete for SRR1782695_trimmed.fastq.gz
Approx 45% complete for SRR1782695_trimmed.fastq.gz
Approx 50% complete for SRR1782695_trimmed.fastq.gz
Approx 55% complete for SRR1782695_trimmed.fastq.gz
Approx 60% complete for SRR1782695_trimmed.fastq.gz
Approx 65% complete for SRR1782695_trimmed.fastq.gz
Approx 70% complete for SRR1782695_trimmed.fastq.gz
Approx 75% complete for SRR1782695_trimmed.fastq.gz
Approx 80% complete for SRR1782695_trimmed.fastq.gz
Approx 85% complete for SRR1782695_trimmed.fastq.gz
Approx 90% complete for SRR1782695_trimmed.fastq.gz
Approx 95% complete for SRR1782695_trimmed.fastq.gz
Started analysis of SRR1782829_trimmed.fastq.gz
Approx 5% complete for SRR1782829_trimmed.fastq.gz
Approx 10% complete for SRR1782829_trimmed.fastq.gz
Approx 15% complete for SRR1782829_trimmed.fastq.gz
Approx 20% complete for SRR1782829_trimmed.fastq.gz
Approx 25% complete for SRR1782829_trimmed.fastq.gz
Approx 30% complete for SRR1782829_trimmed.fastq.gz
Approx 35% complete for SRR1782829_trimmed.fastq.gz
Approx 40% complete for SRR1782829_trimmed.fastq.gz
Approx 45% complete for SRR1782829_trimmed.fastq.gz
Approx 50% complete for SRR1782829_trimmed.fastq.gz
Approx 55% complete for SRR1782829_trimmed.fastq.gz
Approx 60% complete for SRR1782829_trimmed.fastq.gz
Approx 65% complete for SRR1782829_trimmed.fastq.gz
Approx 70% complete for SRR1782829_trimmed.fastq.gz
Approx 75% complete for SRR1782829_trimmed.fastq.gz
Approx 80% complete for SRR1782829_trimmed.fastq.gz
Approx 85% complete for SRR1782829_trimmed.fastq.gz
Approx 90% complete for SRR1782829_trimmed.fastq.gz
Approx 95% complete for SRR1782829_trimmed.fastq.gz
Started analysis of SRR1782730_trimmed.fastq.gz
Approx 5% complete for SRR1782730_trimmed.fastq.gz
Approx 10% complete for SRR1782730_trimmed.fastq.gz
Approx 15% complete for SRR1782730_trimmed.fastq.gz
Approx 20% complete for SRR1782730_trimmed.fastq.gz
Approx 25% complete for SRR1782730_trimmed.fastq.gz
Approx 30% complete for SRR1782730_trimmed.fastq.gz
Approx 35% complete for SRR1782730_trimmed.fastq.gz
Approx 40% complete for SRR1782730_trimmed.fastq.gz
Approx 45% complete for SRR1782730_trimmed.fastq.gz
Approx 50% complete for SRR1782730_trimmed.fastq.gz
Approx 55% complete for SRR1782730_trimmed.fastq.gz
Approx 60% complete for SRR1782730_trimmed.fastq.gz
Approx 65% complete for SRR1782730_trimmed.fastq.gz
Approx 70% complete for SRR1782730_trimmed.fastq.gz
Approx 75% complete for SRR1782730_trimmed.fastq.gz
Approx 80% complete for SRR1782730_trimmed.fastq.gz
Approx 85% complete for SRR1782730_trimmed.fastq.gz
Approx 90% complete for SRR1782730_trimmed.fastq.gz
Approx 95% complete for SRR1782730_trimmed.fastq.gz
Started analysis of SRR1782727_trimmed.fastq.gz
Approx 5% complete for SRR1782727_trimmed.fastq.gz
Approx 10% complete for SRR1782727_trimmed.fastq.gz
Approx 15% complete for SRR1782727_trimmed.fastq.gz
Approx 20% complete for SRR1782727_trimmed.fastq.gz
Approx 25% complete for SRR1782727_trimmed.fastq.gz
Approx 30% complete for SRR1782727_trimmed.fastq.gz
Approx 35% complete for SRR1782727_trimmed.fastq.gz
Approx 40% complete for SRR1782727_trimmed.fastq.gz
Approx 45% complete for SRR1782727_trimmed.fastq.gz
Approx 50% complete for SRR1782727_trimmed.fastq.gz
Approx 55% complete for SRR1782727_trimmed.fastq.gz
Approx 60% complete for SRR1782727_trimmed.fastq.gz
Approx 65% complete for SRR1782727_trimmed.fastq.gz
Approx 70% complete for SRR1782727_trimmed.fastq.gz
Approx 75% complete for SRR1782727_trimmed.fastq.gz
Approx 80% complete for SRR1782727_trimmed.fastq.gz
Approx 85% complete for SRR1782727_trimmed.fastq.gz
Approx 90% complete for SRR1782727_trimmed.fastq.gz
Approx 95% complete for SRR1782727_trimmed.fastq.gz
Started analysis of SRR1782742_trimmed.fastq.gz
Approx 5% complete for SRR1782742_trimmed.fastq.gz
Approx 10% complete for SRR1782742_trimmed.fastq.gz
Approx 15% complete for SRR1782742_trimmed.fastq.gz
Approx 20% complete for SRR1782742_trimmed.fastq.gz
Approx 25% complete for SRR1782742_trimmed.fastq.gz
Approx 30% complete for SRR1782742_trimmed.fastq.gz
Approx 35% complete for SRR1782742_trimmed.fastq.gz
Approx 40% complete for SRR1782742_trimmed.fastq.gz
Approx 45% complete for SRR1782742_trimmed.fastq.gz
Approx 50% complete for SRR1782742_trimmed.fastq.gz
Approx 55% complete for SRR1782742_trimmed.fastq.gz
Approx 60% complete for SRR1782742_trimmed.fastq.gz
Approx 65% complete for SRR1782742_trimmed.fastq.gz
Approx 70% complete for SRR1782742_trimmed.fastq.gz
Approx 75% complete for SRR1782742_trimmed.fastq.gz
Approx 80% complete for SRR1782742_trimmed.fastq.gz
Approx 85% complete for SRR1782742_trimmed.fastq.gz
Approx 90% complete for SRR1782742_trimmed.fastq.gz
Approx 95% complete for SRR1782742_trimmed.fastq.gz
Started analysis of SRR1782834_trimmed.fastq.gz
Approx 5% complete for SRR1782834_trimmed.fastq.gz
Approx 10% complete for SRR1782834_trimmed.fastq.gz
Approx 15% complete for SRR1782834_trimmed.fastq.gz
Approx 20% complete for SRR1782834_trimmed.fastq.gz
Approx 25% complete for SRR1782834_trimmed.fastq.gz
Approx 30% complete for SRR1782834_trimmed.fastq.gz
Approx 35% complete for SRR1782834_trimmed.fastq.gz
Approx 40% complete for SRR1782834_trimmed.fastq.gz
Approx 45% complete for SRR1782834_trimmed.fastq.gz
Approx 50% complete for SRR1782834_trimmed.fastq.gz
Approx 55% complete for SRR1782834_trimmed.fastq.gz
Approx 60% complete for SRR1782834_trimmed.fastq.gz
Approx 65% complete for SRR1782834_trimmed.fastq.gz
Approx 70% complete for SRR1782834_trimmed.fastq.gz
Approx 75% complete for SRR1782834_trimmed.fastq.gz
Approx 80% complete for SRR1782834_trimmed.fastq.gz
Approx 85% complete for SRR1782834_trimmed.fastq.gz
Approx 90% complete for SRR1782834_trimmed.fastq.gz
Approx 95% complete for SRR1782834_trimmed.fastq.gz
Started analysis of SRR1782912_trimmed.fastq.gz
Approx 5% complete for SRR1782912_trimmed.fastq.gz
Approx 10% complete for SRR1782912_trimmed.fastq.gz
Approx 15% complete for SRR1782912_trimmed.fastq.gz
Approx 20% complete for SRR1782912_trimmed.fastq.gz
Approx 25% complete for SRR1782912_trimmed.fastq.gz
Approx 30% complete for SRR1782912_trimmed.fastq.gz
Approx 35% complete for SRR1782912_trimmed.fastq.gz
Approx 40% complete for SRR1782912_trimmed.fastq.gz
Approx 45% complete for SRR1782912_trimmed.fastq.gz
Approx 50% complete for SRR1782912_trimmed.fastq.gz
Approx 55% complete for SRR1782912_trimmed.fastq.gz
Approx 60% complete for SRR1782912_trimmed.fastq.gz
Approx 65% complete for SRR1782912_trimmed.fastq.gz
Approx 70% complete for SRR1782912_trimmed.fastq.gz
Approx 75% complete for SRR1782912_trimmed.fastq.gz
Approx 80% complete for SRR1782912_trimmed.fastq.gz
Approx 85% complete for SRR1782912_trimmed.fastq.gz
Approx 90% complete for SRR1782912_trimmed.fastq.gz
Approx 95% complete for SRR1782912_trimmed.fastq.gz

real	7m13.940s
user	35m43.565s
sys	1m49.162s
