Started analysis of SRR1782704.fastq.gz
Too many tiles (>1000) so giving up trying to do per-tile qualities since we're probably parsing the file wrongly
Approx 5% complete for SRR1782704.fastq.gz
Approx 10% complete for SRR1782704.fastq.gz
Approx 15% complete for SRR1782704.fastq.gz
Approx 20% complete for SRR1782704.fastq.gz
Approx 25% complete for SRR1782704.fastq.gz
Approx 30% complete for SRR1782704.fastq.gz
Approx 35% complete for SRR1782704.fastq.gz
Approx 40% complete for SRR1782704.fastq.gz
Approx 45% complete for SRR1782704.fastq.gz
Approx 50% complete for SRR1782704.fastq.gz
Approx 55% complete for SRR1782704.fastq.gz
Approx 60% complete for SRR1782704.fastq.gz
Approx 65% complete for SRR1782704.fastq.gz
Approx 70% complete for SRR1782704.fastq.gz
Approx 75% complete for SRR1782704.fastq.gz
Approx 80% complete for SRR1782704.fastq.gz
Approx 85% complete for SRR1782704.fastq.gz
Approx 90% complete for SRR1782704.fastq.gz
Approx 95% complete for SRR1782704.fastq.gz
Started analysis of SRR1782698.fastq.gz
Too many tiles (>1000) so giving up trying to do per-tile qualities since we're probably parsing the file wrongly
Approx 5% complete for SRR1782698.fastq.gz
Approx 10% complete for SRR1782698.fastq.gz
Approx 15% complete for SRR1782698.fastq.gz
Approx 20% complete for SRR1782698.fastq.gz
Approx 25% complete for SRR1782698.fastq.gz
Approx 30% complete for SRR1782698.fastq.gz
Approx 35% complete for SRR1782698.fastq.gz
Approx 40% complete for SRR1782698.fastq.gz
Approx 45% complete for SRR1782698.fastq.gz
Approx 50% complete for SRR1782698.fastq.gz
Approx 55% complete for SRR1782698.fastq.gz
Approx 60% complete for SRR1782698.fastq.gz
Approx 65% complete for SRR1782698.fastq.gz
Approx 70% complete for SRR1782698.fastq.gz
Approx 75% complete for SRR1782698.fastq.gz
Approx 80% complete for SRR1782698.fastq.gz
Approx 85% complete for SRR1782698.fastq.gz
Approx 90% complete for SRR1782698.fastq.gz
Approx 95% complete for SRR1782698.fastq.gz
Started analysis of SRR1782694.fastq.gz
Too many tiles (>1000) so giving up trying to do per-tile qualities since we're probably parsing the file wrongly
Approx 5% complete for SRR1782694.fastq.gz
Approx 10% complete for SRR1782694.fastq.gz
Approx 15% complete for SRR1782694.fastq.gz
Approx 20% complete for SRR1782694.fastq.gz
Approx 25% complete for SRR1782694.fastq.gz
Approx 30% complete for SRR1782694.fastq.gz
Approx 35% complete for SRR1782694.fastq.gz
Approx 40% complete for SRR1782694.fastq.gz
Approx 45% complete for SRR1782694.fastq.gz
Approx 50% complete for SRR1782694.fastq.gz
Approx 55% complete for SRR1782694.fastq.gz
Approx 60% complete for SRR1782694.fastq.gz
Approx 65% complete for SRR1782694.fastq.gz
Approx 70% complete for SRR1782694.fastq.gz
Approx 75% complete for SRR1782694.fastq.gz
Approx 80% complete for SRR1782694.fastq.gz
Approx 85% complete for SRR1782694.fastq.gz
Approx 90% complete for SRR1782694.fastq.gz
Approx 95% complete for SRR1782694.fastq.gz
Started analysis of SRR1782695.fastq.gz
Too many tiles (>1000) so giving up trying to do per-tile qualities since we're probably parsing the file wrongly
Approx 5% complete for SRR1782695.fastq.gz
Approx 10% complete for SRR1782695.fastq.gz
Approx 15% complete for SRR1782695.fastq.gz
Approx 20% complete for SRR1782695.fastq.gz
Approx 25% complete for SRR1782695.fastq.gz
Approx 30% complete for SRR1782695.fastq.gz
Approx 35% complete for SRR1782695.fastq.gz
Approx 40% complete for SRR1782695.fastq.gz
Approx 45% complete for SRR1782695.fastq.gz
Approx 50% complete for SRR1782695.fastq.gz
Approx 55% complete for SRR1782695.fastq.gz
Approx 60% complete for SRR1782695.fastq.gz
Approx 65% complete for SRR1782695.fastq.gz
Approx 70% complete for SRR1782695.fastq.gz
Approx 75% complete for SRR1782695.fastq.gz
Approx 80% complete for SRR1782695.fastq.gz
Approx 85% complete for SRR1782695.fastq.gz
Approx 90% complete for SRR1782695.fastq.gz
Approx 95% complete for SRR1782695.fastq.gz
Started analysis of SRR1782829.fastq.gz
Approx 5% complete for SRR1782829.fastq.gz
Approx 10% complete for SRR1782829.fastq.gz
Approx 15% complete for SRR1782829.fastq.gz
Approx 20% complete for SRR1782829.fastq.gz
Approx 25% complete for SRR1782829.fastq.gz
Approx 30% complete for SRR1782829.fastq.gz
Approx 35% complete for SRR1782829.fastq.gz
Approx 40% complete for SRR1782829.fastq.gz
Approx 45% complete for SRR1782829.fastq.gz
Approx 50% complete for SRR1782829.fastq.gz
Approx 55% complete for SRR1782829.fastq.gz
Approx 60% complete for SRR1782829.fastq.gz
Approx 65% complete for SRR1782829.fastq.gz
Approx 70% complete for SRR1782829.fastq.gz
Approx 75% complete for SRR1782829.fastq.gz
Approx 80% complete for SRR1782829.fastq.gz
Approx 85% complete for SRR1782829.fastq.gz
Approx 90% complete for SRR1782829.fastq.gz
Approx 95% complete for SRR1782829.fastq.gz
Started analysis of SRR1782730.fastq.gz
Approx 5% complete for SRR1782730.fastq.gz
Approx 10% complete for SRR1782730.fastq.gz
Approx 15% complete for SRR1782730.fastq.gz
Approx 20% complete for SRR1782730.fastq.gz
Approx 25% complete for SRR1782730.fastq.gz
Approx 30% complete for SRR1782730.fastq.gz
Approx 35% complete for SRR1782730.fastq.gz
Approx 40% complete for SRR1782730.fastq.gz
Approx 45% complete for SRR1782730.fastq.gz
Approx 50% complete for SRR1782730.fastq.gz
Approx 55% complete for SRR1782730.fastq.gz
Approx 60% complete for SRR1782730.fastq.gz
Approx 65% complete for SRR1782730.fastq.gz
Approx 70% complete for SRR1782730.fastq.gz
Approx 75% complete for SRR1782730.fastq.gz
Approx 80% complete for SRR1782730.fastq.gz
Approx 85% complete for SRR1782730.fastq.gz
Approx 90% complete for SRR1782730.fastq.gz
Approx 95% complete for SRR1782730.fastq.gz
Started analysis of SRR1782727.fastq.gz
Approx 5% complete for SRR1782727.fastq.gz
Approx 10% complete for SRR1782727.fastq.gz
Approx 15% complete for SRR1782727.fastq.gz
Approx 20% complete for SRR1782727.fastq.gz
Approx 25% complete for SRR1782727.fastq.gz
Approx 30% complete for SRR1782727.fastq.gz
Approx 35% complete for SRR1782727.fastq.gz
Approx 40% complete for SRR1782727.fastq.gz
Approx 45% complete for SRR1782727.fastq.gz
Approx 50% complete for SRR1782727.fastq.gz
Approx 55% complete for SRR1782727.fastq.gz
Approx 60% complete for SRR1782727.fastq.gz
Approx 65% complete for SRR1782727.fastq.gz
Approx 70% complete for SRR1782727.fastq.gz
Approx 75% complete for SRR1782727.fastq.gz
Approx 80% complete for SRR1782727.fastq.gz
Approx 85% complete for SRR1782727.fastq.gz
Approx 90% complete for SRR1782727.fastq.gz
Approx 95% complete for SRR1782727.fastq.gz
Started analysis of SRR1782912.fastq.gz
Approx 5% complete for SRR1782912.fastq.gz
Approx 10% complete for SRR1782912.fastq.gz
Approx 15% complete for SRR1782912.fastq.gz
Approx 20% complete for SRR1782912.fastq.gz
Approx 25% complete for SRR1782912.fastq.gz
Approx 30% complete for SRR1782912.fastq.gz
Approx 35% complete for SRR1782912.fastq.gz
Approx 40% complete for SRR1782912.fastq.gz
Approx 45% complete for SRR1782912.fastq.gz
Approx 50% complete for SRR1782912.fastq.gz
Approx 55% complete for SRR1782912.fastq.gz
Approx 60% complete for SRR1782912.fastq.gz
Approx 65% complete for SRR1782912.fastq.gz
Approx 70% complete for SRR1782912.fastq.gz
Approx 75% complete for SRR1782912.fastq.gz
Approx 80% complete for SRR1782912.fastq.gz
Approx 85% complete for SRR1782912.fastq.gz
Approx 90% complete for SRR1782912.fastq.gz
Approx 95% complete for SRR1782912.fastq.gz
Started analysis of SRR1782834.fastq.gz
Approx 5% complete for SRR1782834.fastq.gz
Approx 10% complete for SRR1782834.fastq.gz
Approx 15% complete for SRR1782834.fastq.gz
Approx 20% complete for SRR1782834.fastq.gz
Approx 25% complete for SRR1782834.fastq.gz
Approx 30% complete for SRR1782834.fastq.gz
Approx 35% complete for SRR1782834.fastq.gz
Approx 40% complete for SRR1782834.fastq.gz
Approx 45% complete for SRR1782834.fastq.gz
Approx 50% complete for SRR1782834.fastq.gz
Approx 55% complete for SRR1782834.fastq.gz
Approx 60% complete for SRR1782834.fastq.gz
Approx 65% complete for SRR1782834.fastq.gz
Approx 70% complete for SRR1782834.fastq.gz
Approx 75% complete for SRR1782834.fastq.gz
Approx 80% complete for SRR1782834.fastq.gz
Approx 85% complete for SRR1782834.fastq.gz
Approx 90% complete for SRR1782834.fastq.gz
Approx 95% complete for SRR1782834.fastq.gz
Started analysis of SRR1782742.fastq.gz
Approx 5% complete for SRR1782742.fastq.gz
Approx 10% complete for SRR1782742.fastq.gz
Approx 15% complete for SRR1782742.fastq.gz
Approx 20% complete for SRR1782742.fastq.gz
Approx 25% complete for SRR1782742.fastq.gz
Approx 30% complete for SRR1782742.fastq.gz
Approx 35% complete for SRR1782742.fastq.gz
Approx 40% complete for SRR1782742.fastq.gz
Approx 45% complete for SRR1782742.fastq.gz
Approx 50% complete for SRR1782742.fastq.gz
Approx 55% complete for SRR1782742.fastq.gz
Approx 60% complete for SRR1782742.fastq.gz
Approx 65% complete for SRR1782742.fastq.gz
Approx 70% complete for SRR1782742.fastq.gz
Approx 75% complete for SRR1782742.fastq.gz
Approx 80% complete for SRR1782742.fastq.gz
Approx 85% complete for SRR1782742.fastq.gz
Approx 90% complete for SRR1782742.fastq.gz
Approx 95% complete for SRR1782742.fastq.gz

real	5m51.691s
user	23m52.623s
sys	1m9.043s
