[2024-01-12 17:25:28,056] multiqc                                            [DEBUG  ]  This is MultiQC v1.19
[2024-01-12 17:25:28,057] multiqc                                            [DEBUG  ]  Command used: /home/people/s193518/.conda/envs/NGS-g8/bin/multiqc -o results/rnaseq/multiqc/raw --title Trimmed reads multiqc results/rnaseq/fastqc/raw//SRR1782694_fastqc.html results/rnaseq/fastqc/raw//SRR1782694_fastqc.zip results/rnaseq/fastqc/raw//SRR1782695_fastqc.html results/rnaseq/fastqc/raw//SRR1782695_fastqc.zip results/rnaseq/fastqc/raw//SRR1782698_fastqc.html results/rnaseq/fastqc/raw//SRR1782698_fastqc.zip results/rnaseq/fastqc/raw//SRR1782704_fastqc.html results/rnaseq/fastqc/raw//SRR1782704_fastqc.zip results/rnaseq/fastqc/raw//SRR1782727_fastqc.html results/rnaseq/fastqc/raw//SRR1782727_fastqc.zip results/rnaseq/fastqc/raw//SRR1782730_fastqc.html results/rnaseq/fastqc/raw//SRR1782730_fastqc.zip results/rnaseq/fastqc/raw//SRR1782742_fastqc.html results/rnaseq/fastqc/raw//SRR1782742_fastqc.zip results/rnaseq/fastqc/raw//SRR1782829_fastqc.html results/rnaseq/fastqc/raw//SRR1782829_fastqc.zip results/rnaseq/fastqc/raw//SRR1782834_fastqc.html results/rnaseq/fastqc/raw//SRR1782834_fastqc.zip results/rnaseq/fastqc/raw//SRR1782912_fastqc.html results/rnaseq/fastqc/raw//SRR1782912_fastqc.zip
[2024-01-12 17:25:28,542] multiqc                                            [DEBUG  ]  Latest MultiQC version is v1.19
[2024-01-12 17:25:28,542] multiqc                                            [DEBUG  ]  Working dir : /home/projects/22126_NGS/projects/group8/mikkel/NGS-Project
[2024-01-12 17:25:28,542] multiqc                                            [DEBUG  ]  Template    : default
[2024-01-12 17:25:28,542] multiqc                                            [DEBUG  ]  Running Python 3.11.7 | packaged by conda-forge | (main, Dec 23 2023, 14:43:09) [GCC 12.3.0]
[2024-01-12 17:25:28,542] multiqc                                            [INFO   ]  Report title: Trimmed reads multiqc
[2024-01-12 17:25:28,543] multiqc                                            [DEBUG  ]  Analysing modules: custom_content, ccs, ngsderive, purple, conpair, lima, peddy, somalier, methylQA, mosdepth, phantompeakqualtools, qualimap, preseq, hifiasm, quast, qorts, rna_seqc, rockhopper, rsem, rseqc, busco, bustools, goleft_indexcov, gffcompare, disambiguate, supernova, deeptools, sargasso, verifybamid, mirtrace, happy, mirtop, sambamba, gopeaks, homer, hops, macs2, theta2, snpeff, gatk, htseq, bcftools, featureCounts, fgbio, dragen, dragen_fastqc, dedup, pbmarkdup, damageprofiler, mapdamage, biobambam2, jcvi, mtnucratio, picard, vep, bakta, prokka, qc3C, nanostat, samblaster, samtools, sexdeterrmine, seqera_cli, eigenstratdatabasetools, bamtools, jellyfish, vcftools, longranger, stacks, varscan2, snippy, umitools, truvari, bbmap, bismark, biscuit, diamond, hicexplorer, hicup, hicpro, salmon, kallisto, slamdunk, star, hisat2, tophat, bowtie2, bowtie1, cellranger, snpsplit, odgi, pangolin, nextclade, freyja, humid, kat, leehom, librarian, adapterRemoval, bbduk, clipandmerge, cutadapt, flexbar, sourmash, kaiju, bracken, kraken, malt, motus, trimmomatic, sickle, skewer, sortmerna, biobloomtools, fastq_screen, afterqc, fastp, fastqc, filtlong, prinseqplusplus, pychopper, porechop, pycoqc, minionqc, anglerfish, multivcfanalyzer, clusterflow, checkqc, bcl2fastq, bclconvert, interop, ivar, flash, seqyclean, optitype, whatshap, xenome, xengsort
[2024-01-12 17:25:28,543] multiqc                                            [DEBUG  ]  Using temporary directory for creating report: /tmp/tmpsvm2r6zh
[2024-01-12 17:25:28,586] multiqc                                            [INFO   ]  Search path : /home/projects/22126_NGS/projects/group8/mikkel/NGS-Project/results/rnaseq/fastqc/raw/SRR1782694_fastqc.html
[2024-01-12 17:25:28,586] multiqc                                            [INFO   ]  Search path : /home/projects/22126_NGS/projects/group8/mikkel/NGS-Project/results/rnaseq/fastqc/raw/SRR1782694_fastqc.zip
[2024-01-12 17:25:28,587] multiqc                                            [INFO   ]  Search path : /home/projects/22126_NGS/projects/group8/mikkel/NGS-Project/results/rnaseq/fastqc/raw/SRR1782695_fastqc.html
[2024-01-12 17:25:28,587] multiqc                                            [INFO   ]  Search path : /home/projects/22126_NGS/projects/group8/mikkel/NGS-Project/results/rnaseq/fastqc/raw/SRR1782695_fastqc.zip
[2024-01-12 17:25:28,587] multiqc                                            [INFO   ]  Search path : /home/projects/22126_NGS/projects/group8/mikkel/NGS-Project/results/rnaseq/fastqc/raw/SRR1782698_fastqc.html
[2024-01-12 17:25:28,587] multiqc                                            [INFO   ]  Search path : /home/projects/22126_NGS/projects/group8/mikkel/NGS-Project/results/rnaseq/fastqc/raw/SRR1782698_fastqc.zip
[2024-01-12 17:25:28,587] multiqc                                            [INFO   ]  Search path : /home/projects/22126_NGS/projects/group8/mikkel/NGS-Project/results/rnaseq/fastqc/raw/SRR1782704_fastqc.html
[2024-01-12 17:25:28,587] multiqc                                            [INFO   ]  Search path : /home/projects/22126_NGS/projects/group8/mikkel/NGS-Project/results/rnaseq/fastqc/raw/SRR1782704_fastqc.zip
[2024-01-12 17:25:28,587] multiqc                                            [INFO   ]  Search path : /home/projects/22126_NGS/projects/group8/mikkel/NGS-Project/results/rnaseq/fastqc/raw/SRR1782727_fastqc.html
[2024-01-12 17:25:28,587] multiqc                                            [INFO   ]  Search path : /home/projects/22126_NGS/projects/group8/mikkel/NGS-Project/results/rnaseq/fastqc/raw/SRR1782727_fastqc.zip
[2024-01-12 17:25:28,587] multiqc                                            [INFO   ]  Search path : /home/projects/22126_NGS/projects/group8/mikkel/NGS-Project/results/rnaseq/fastqc/raw/SRR1782730_fastqc.html
[2024-01-12 17:25:28,587] multiqc                                            [INFO   ]  Search path : /home/projects/22126_NGS/projects/group8/mikkel/NGS-Project/results/rnaseq/fastqc/raw/SRR1782730_fastqc.zip
[2024-01-12 17:25:28,587] multiqc                                            [INFO   ]  Search path : /home/projects/22126_NGS/projects/group8/mikkel/NGS-Project/results/rnaseq/fastqc/raw/SRR1782742_fastqc.html
[2024-01-12 17:25:28,587] multiqc                                            [INFO   ]  Search path : /home/projects/22126_NGS/projects/group8/mikkel/NGS-Project/results/rnaseq/fastqc/raw/SRR1782742_fastqc.zip
[2024-01-12 17:25:28,588] multiqc                                            [INFO   ]  Search path : /home/projects/22126_NGS/projects/group8/mikkel/NGS-Project/results/rnaseq/fastqc/raw/SRR1782829_fastqc.html
[2024-01-12 17:25:28,588] multiqc                                            [INFO   ]  Search path : /home/projects/22126_NGS/projects/group8/mikkel/NGS-Project/results/rnaseq/fastqc/raw/SRR1782829_fastqc.zip
[2024-01-12 17:25:28,588] multiqc                                            [INFO   ]  Search path : /home/projects/22126_NGS/projects/group8/mikkel/NGS-Project/results/rnaseq/fastqc/raw/SRR1782834_fastqc.html
[2024-01-12 17:25:28,588] multiqc                                            [INFO   ]  Search path : /home/projects/22126_NGS/projects/group8/mikkel/NGS-Project/results/rnaseq/fastqc/raw/SRR1782834_fastqc.zip
[2024-01-12 17:25:28,588] multiqc                                            [INFO   ]  Search path : /home/projects/22126_NGS/projects/group8/mikkel/NGS-Project/results/rnaseq/fastqc/raw/SRR1782912_fastqc.html
[2024-01-12 17:25:28,588] multiqc                                            [INFO   ]  Search path : /home/projects/22126_NGS/projects/group8/mikkel/NGS-Project/results/rnaseq/fastqc/raw/SRR1782912_fastqc.zip
[2024-01-12 17:25:28,975] multiqc                                            [DEBUG  ]  Summary of files that were skipped by the search: [skipped_module_specific_max_filesize: 130] // [skipped_no_match: 10]
[2024-01-12 17:25:38,120] multiqc.plots.bargraph                             [DEBUG  ]  Using matplotlib version 3.8.2
[2024-01-12 17:25:38,152] multiqc.plots.linegraph                            [DEBUG  ]  Using matplotlib version 3.8.2
[2024-01-12 17:25:38,156] multiqc                                            [DEBUG  ]  No samples found: custom_content
[2024-01-12 17:25:38,400] multiqc.modules.fastqc.fastqc                      [INFO   ]  Found 10 reports
[2024-01-12 17:25:38,467] multiqc.utils.software_versions                    [DEBUG  ]  Reading software versions from config.software_versions
[2024-01-12 17:25:38,502] multiqc                                            [DEBUG  ]  Compressing plot data
[2024-01-12 17:25:38,639] multiqc                                            [INFO   ]  Report      : results/rnaseq/multiqc/raw/Trimmed-reads-multiqc_multiqc_report.html
[2024-01-12 17:25:38,639] multiqc                                            [INFO   ]  Data        : results/rnaseq/multiqc/raw/Trimmed-reads-multiqc_multiqc_report_data
[2024-01-12 17:25:38,639] multiqc                                            [DEBUG  ]  Moving data file from '/tmp/tmpsvm2r6zh/multiqc_data' to 'results/rnaseq/multiqc/raw/Trimmed-reads-multiqc_multiqc_report_data'
[2024-01-12 17:25:38,641] multiqc                                            [DEBUG  ]  Full report path: /home/projects/22126_NGS/projects/group8/mikkel/NGS-Project/results/rnaseq/multiqc/raw/Trimmed-reads-multiqc_multiqc_report.html
[2024-01-12 17:25:39,185] multiqc                                            [INFO   ]  MultiQC complete
