[2024-01-13 17:05:29,820] multiqc                                            [DEBUG  ]  This is MultiQC v1.19
[2024-01-13 17:05:29,820] multiqc                                            [DEBUG  ]  Command used: /home/people/s193518/.conda/envs/NGS-g8/bin/multiqc -o results/rnaseq/multiqc/trimmed --title Trimmed reads multiqc results/rnaseq/fastqc/trimmed//SRR1782686_pass_trimmed_fastqc.html results/rnaseq/fastqc/trimmed//SRR1782686_pass_trimmed_fastqc.zip results/rnaseq/fastqc/trimmed//SRR1782694_trimmed_fastqc.html results/rnaseq/fastqc/trimmed//SRR1782694_trimmed_fastqc.zip results/rnaseq/fastqc/trimmed//SRR1782695_trimmed_fastqc.html results/rnaseq/fastqc/trimmed//SRR1782695_trimmed_fastqc.zip results/rnaseq/fastqc/trimmed//SRR1782698_trimmed_fastqc.html results/rnaseq/fastqc/trimmed//SRR1782698_trimmed_fastqc.zip results/rnaseq/fastqc/trimmed//SRR1782701_pass_trimmed_fastqc.html results/rnaseq/fastqc/trimmed//SRR1782701_pass_trimmed_fastqc.zip results/rnaseq/fastqc/trimmed//SRR1782703_pass_trimmed_fastqc.html results/rnaseq/fastqc/trimmed//SRR1782703_pass_trimmed_fastqc.zip results/rnaseq/fastqc/trimmed//SRR1782704_trimmed_fastqc.html results/rnaseq/fastqc/trimmed//SRR1782704_trimmed_fastqc.zip results/rnaseq/fastqc/trimmed//SRR1782705_pass_trimmed_fastqc.html results/rnaseq/fastqc/trimmed//SRR1782705_pass_trimmed_fastqc.zip results/rnaseq/fastqc/trimmed//SRR1782715_pass_trimmed_fastqc.html results/rnaseq/fastqc/trimmed//SRR1782715_pass_trimmed_fastqc.zip results/rnaseq/fastqc/trimmed//SRR1782722_pass_trimmed_fastqc.html results/rnaseq/fastqc/trimmed//SRR1782722_pass_trimmed_fastqc.zip results/rnaseq/fastqc/trimmed//SRR1782727_trimmed_fastqc.html results/rnaseq/fastqc/trimmed//SRR1782727_trimmed_fastqc.zip results/rnaseq/fastqc/trimmed//SRR1782730_trimmed_fastqc.html results/rnaseq/fastqc/trimmed//SRR1782730_trimmed_fastqc.zip results/rnaseq/fastqc/trimmed//SRR1782742_trimmed_fastqc.html results/rnaseq/fastqc/trimmed//SRR1782742_trimmed_fastqc.zip results/rnaseq/fastqc/trimmed//SRR1782773_pass_trimmed_fastqc.html results/rnaseq/fastqc/trimmed//SRR1782773_pass_trimmed_fastqc.zip results/rnaseq/fastqc/trimmed//SRR1782774_pass_trimmed_fastqc.html results/rnaseq/fastqc/trimmed//SRR1782774_pass_trimmed_fastqc.zip results/rnaseq/fastqc/trimmed//SRR1782804_pass_trimmed_fastqc.html results/rnaseq/fastqc/trimmed//SRR1782804_pass_trimmed_fastqc.zip results/rnaseq/fastqc/trimmed//SRR1782829_trimmed_fastqc.html results/rnaseq/fastqc/trimmed//SRR1782829_trimmed_fastqc.zip results/rnaseq/fastqc/trimmed//SRR1782834_trimmed_fastqc.html results/rnaseq/fastqc/trimmed//SRR1782834_trimmed_fastqc.zip results/rnaseq/fastqc/trimmed//SRR1782912_trimmed_fastqc.html results/rnaseq/fastqc/trimmed//SRR1782912_trimmed_fastqc.zip results/rnaseq/fastqc/trimmed//SRR1782952_pass_trimmed_fastqc.html results/rnaseq/fastqc/trimmed//SRR1782952_pass_trimmed_fastqc.zip
[2024-01-13 17:05:30,294] multiqc                                            [DEBUG  ]  Latest MultiQC version is v1.19
[2024-01-13 17:05:30,294] multiqc                                            [DEBUG  ]  Working dir : /home/projects/22126_NGS/projects/group8/mikkel/NGS-Project
[2024-01-13 17:05:30,294] multiqc                                            [DEBUG  ]  Template    : default
[2024-01-13 17:05:30,294] multiqc                                            [DEBUG  ]  Running Python 3.11.7 | packaged by conda-forge | (main, Dec 23 2023, 14:43:09) [GCC 12.3.0]
[2024-01-13 17:05:30,295] multiqc                                            [INFO   ]  Report title: Trimmed reads multiqc
[2024-01-13 17:05:30,295] multiqc                                            [DEBUG  ]  Analysing modules: custom_content, ccs, ngsderive, purple, conpair, lima, peddy, somalier, methylQA, mosdepth, phantompeakqualtools, qualimap, preseq, hifiasm, quast, qorts, rna_seqc, rockhopper, rsem, rseqc, busco, bustools, goleft_indexcov, gffcompare, disambiguate, supernova, deeptools, sargasso, verifybamid, mirtrace, happy, mirtop, sambamba, gopeaks, homer, hops, macs2, theta2, snpeff, gatk, htseq, bcftools, featureCounts, fgbio, dragen, dragen_fastqc, dedup, pbmarkdup, damageprofiler, mapdamage, biobambam2, jcvi, mtnucratio, picard, vep, bakta, prokka, qc3C, nanostat, samblaster, samtools, sexdeterrmine, seqera_cli, eigenstratdatabasetools, bamtools, jellyfish, vcftools, longranger, stacks, varscan2, snippy, umitools, truvari, bbmap, bismark, biscuit, diamond, hicexplorer, hicup, hicpro, salmon, kallisto, slamdunk, star, hisat2, tophat, bowtie2, bowtie1, cellranger, snpsplit, odgi, pangolin, nextclade, freyja, humid, kat, leehom, librarian, adapterRemoval, bbduk, clipandmerge, cutadapt, flexbar, sourmash, kaiju, bracken, kraken, malt, motus, trimmomatic, sickle, skewer, sortmerna, biobloomtools, fastq_screen, afterqc, fastp, fastqc, filtlong, prinseqplusplus, pychopper, porechop, pycoqc, minionqc, anglerfish, multivcfanalyzer, clusterflow, checkqc, bcl2fastq, bclconvert, interop, ivar, flash, seqyclean, optitype, whatshap, xenome, xengsort
[2024-01-13 17:05:30,295] multiqc                                            [DEBUG  ]  Using temporary directory for creating report: /tmp/tmp2odx3wog
[2024-01-13 17:05:30,296] multiqc                                            [INFO   ]  Search path : /home/projects/22126_NGS/projects/group8/mikkel/NGS-Project/results/rnaseq/fastqc/trimmed/SRR1782686_pass_trimmed_fastqc.html
[2024-01-13 17:05:30,296] multiqc                                            [INFO   ]  Search path : /home/projects/22126_NGS/projects/group8/mikkel/NGS-Project/results/rnaseq/fastqc/trimmed/SRR1782686_pass_trimmed_fastqc.zip
[2024-01-13 17:05:30,296] multiqc                                            [INFO   ]  Search path : /home/projects/22126_NGS/projects/group8/mikkel/NGS-Project/results/rnaseq/fastqc/trimmed/SRR1782694_trimmed_fastqc.html
[2024-01-13 17:05:30,296] multiqc                                            [INFO   ]  Search path : /home/projects/22126_NGS/projects/group8/mikkel/NGS-Project/results/rnaseq/fastqc/trimmed/SRR1782694_trimmed_fastqc.zip
[2024-01-13 17:05:30,296] multiqc                                            [INFO   ]  Search path : /home/projects/22126_NGS/projects/group8/mikkel/NGS-Project/results/rnaseq/fastqc/trimmed/SRR1782695_trimmed_fastqc.html
[2024-01-13 17:05:30,297] multiqc                                            [INFO   ]  Search path : /home/projects/22126_NGS/projects/group8/mikkel/NGS-Project/results/rnaseq/fastqc/trimmed/SRR1782695_trimmed_fastqc.zip
[2024-01-13 17:05:30,297] multiqc                                            [INFO   ]  Search path : /home/projects/22126_NGS/projects/group8/mikkel/NGS-Project/results/rnaseq/fastqc/trimmed/SRR1782698_trimmed_fastqc.html
[2024-01-13 17:05:30,297] multiqc                                            [INFO   ]  Search path : /home/projects/22126_NGS/projects/group8/mikkel/NGS-Project/results/rnaseq/fastqc/trimmed/SRR1782698_trimmed_fastqc.zip
[2024-01-13 17:05:30,297] multiqc                                            [INFO   ]  Search path : /home/projects/22126_NGS/projects/group8/mikkel/NGS-Project/results/rnaseq/fastqc/trimmed/SRR1782701_pass_trimmed_fastqc.html
[2024-01-13 17:05:30,297] multiqc                                            [INFO   ]  Search path : /home/projects/22126_NGS/projects/group8/mikkel/NGS-Project/results/rnaseq/fastqc/trimmed/SRR1782701_pass_trimmed_fastqc.zip
[2024-01-13 17:05:30,297] multiqc                                            [INFO   ]  Search path : /home/projects/22126_NGS/projects/group8/mikkel/NGS-Project/results/rnaseq/fastqc/trimmed/SRR1782703_pass_trimmed_fastqc.html
[2024-01-13 17:05:30,297] multiqc                                            [INFO   ]  Search path : /home/projects/22126_NGS/projects/group8/mikkel/NGS-Project/results/rnaseq/fastqc/trimmed/SRR1782703_pass_trimmed_fastqc.zip
[2024-01-13 17:05:30,297] multiqc                                            [INFO   ]  Search path : /home/projects/22126_NGS/projects/group8/mikkel/NGS-Project/results/rnaseq/fastqc/trimmed/SRR1782704_trimmed_fastqc.html
[2024-01-13 17:05:30,297] multiqc                                            [INFO   ]  Search path : /home/projects/22126_NGS/projects/group8/mikkel/NGS-Project/results/rnaseq/fastqc/trimmed/SRR1782704_trimmed_fastqc.zip
[2024-01-13 17:05:30,297] multiqc                                            [INFO   ]  Search path : /home/projects/22126_NGS/projects/group8/mikkel/NGS-Project/results/rnaseq/fastqc/trimmed/SRR1782705_pass_trimmed_fastqc.html
[2024-01-13 17:05:30,297] multiqc                                            [INFO   ]  Search path : /home/projects/22126_NGS/projects/group8/mikkel/NGS-Project/results/rnaseq/fastqc/trimmed/SRR1782705_pass_trimmed_fastqc.zip
[2024-01-13 17:05:30,297] multiqc                                            [INFO   ]  Search path : /home/projects/22126_NGS/projects/group8/mikkel/NGS-Project/results/rnaseq/fastqc/trimmed/SRR1782715_pass_trimmed_fastqc.html
[2024-01-13 17:05:30,297] multiqc                                            [INFO   ]  Search path : /home/projects/22126_NGS/projects/group8/mikkel/NGS-Project/results/rnaseq/fastqc/trimmed/SRR1782715_pass_trimmed_fastqc.zip
[2024-01-13 17:05:30,298] multiqc                                            [INFO   ]  Search path : /home/projects/22126_NGS/projects/group8/mikkel/NGS-Project/results/rnaseq/fastqc/trimmed/SRR1782722_pass_trimmed_fastqc.html
[2024-01-13 17:05:30,298] multiqc                                            [INFO   ]  Search path : /home/projects/22126_NGS/projects/group8/mikkel/NGS-Project/results/rnaseq/fastqc/trimmed/SRR1782722_pass_trimmed_fastqc.zip
[2024-01-13 17:05:30,298] multiqc                                            [INFO   ]  Search path : /home/projects/22126_NGS/projects/group8/mikkel/NGS-Project/results/rnaseq/fastqc/trimmed/SRR1782727_trimmed_fastqc.html
[2024-01-13 17:05:30,298] multiqc                                            [INFO   ]  Search path : /home/projects/22126_NGS/projects/group8/mikkel/NGS-Project/results/rnaseq/fastqc/trimmed/SRR1782727_trimmed_fastqc.zip
[2024-01-13 17:05:30,298] multiqc                                            [INFO   ]  Search path : /home/projects/22126_NGS/projects/group8/mikkel/NGS-Project/results/rnaseq/fastqc/trimmed/SRR1782730_trimmed_fastqc.html
[2024-01-13 17:05:30,298] multiqc                                            [INFO   ]  Search path : /home/projects/22126_NGS/projects/group8/mikkel/NGS-Project/results/rnaseq/fastqc/trimmed/SRR1782730_trimmed_fastqc.zip
[2024-01-13 17:05:30,298] multiqc                                            [INFO   ]  Search path : /home/projects/22126_NGS/projects/group8/mikkel/NGS-Project/results/rnaseq/fastqc/trimmed/SRR1782742_trimmed_fastqc.html
[2024-01-13 17:05:30,298] multiqc                                            [INFO   ]  Search path : /home/projects/22126_NGS/projects/group8/mikkel/NGS-Project/results/rnaseq/fastqc/trimmed/SRR1782742_trimmed_fastqc.zip
[2024-01-13 17:05:30,298] multiqc                                            [INFO   ]  Search path : /home/projects/22126_NGS/projects/group8/mikkel/NGS-Project/results/rnaseq/fastqc/trimmed/SRR1782773_pass_trimmed_fastqc.html
[2024-01-13 17:05:30,298] multiqc                                            [INFO   ]  Search path : /home/projects/22126_NGS/projects/group8/mikkel/NGS-Project/results/rnaseq/fastqc/trimmed/SRR1782773_pass_trimmed_fastqc.zip
[2024-01-13 17:05:30,298] multiqc                                            [INFO   ]  Search path : /home/projects/22126_NGS/projects/group8/mikkel/NGS-Project/results/rnaseq/fastqc/trimmed/SRR1782774_pass_trimmed_fastqc.html
[2024-01-13 17:05:30,298] multiqc                                            [INFO   ]  Search path : /home/projects/22126_NGS/projects/group8/mikkel/NGS-Project/results/rnaseq/fastqc/trimmed/SRR1782774_pass_trimmed_fastqc.zip
[2024-01-13 17:05:30,298] multiqc                                            [INFO   ]  Search path : /home/projects/22126_NGS/projects/group8/mikkel/NGS-Project/results/rnaseq/fastqc/trimmed/SRR1782804_pass_trimmed_fastqc.html
[2024-01-13 17:05:30,299] multiqc                                            [INFO   ]  Search path : /home/projects/22126_NGS/projects/group8/mikkel/NGS-Project/results/rnaseq/fastqc/trimmed/SRR1782804_pass_trimmed_fastqc.zip
[2024-01-13 17:05:30,299] multiqc                                            [INFO   ]  Search path : /home/projects/22126_NGS/projects/group8/mikkel/NGS-Project/results/rnaseq/fastqc/trimmed/SRR1782829_trimmed_fastqc.html
[2024-01-13 17:05:30,299] multiqc                                            [INFO   ]  Search path : /home/projects/22126_NGS/projects/group8/mikkel/NGS-Project/results/rnaseq/fastqc/trimmed/SRR1782829_trimmed_fastqc.zip
[2024-01-13 17:05:30,299] multiqc                                            [INFO   ]  Search path : /home/projects/22126_NGS/projects/group8/mikkel/NGS-Project/results/rnaseq/fastqc/trimmed/SRR1782834_trimmed_fastqc.html
[2024-01-13 17:05:30,299] multiqc                                            [INFO   ]  Search path : /home/projects/22126_NGS/projects/group8/mikkel/NGS-Project/results/rnaseq/fastqc/trimmed/SRR1782834_trimmed_fastqc.zip
[2024-01-13 17:05:30,299] multiqc                                            [INFO   ]  Search path : /home/projects/22126_NGS/projects/group8/mikkel/NGS-Project/results/rnaseq/fastqc/trimmed/SRR1782912_trimmed_fastqc.html
[2024-01-13 17:05:30,299] multiqc                                            [INFO   ]  Search path : /home/projects/22126_NGS/projects/group8/mikkel/NGS-Project/results/rnaseq/fastqc/trimmed/SRR1782912_trimmed_fastqc.zip
[2024-01-13 17:05:30,299] multiqc                                            [INFO   ]  Search path : /home/projects/22126_NGS/projects/group8/mikkel/NGS-Project/results/rnaseq/fastqc/trimmed/SRR1782952_pass_trimmed_fastqc.html
[2024-01-13 17:05:30,299] multiqc                                            [INFO   ]  Search path : /home/projects/22126_NGS/projects/group8/mikkel/NGS-Project/results/rnaseq/fastqc/trimmed/SRR1782952_pass_trimmed_fastqc.zip
[2024-01-13 17:05:30,668] multiqc                                            [DEBUG  ]  Summary of files that were skipped by the search: [skipped_module_specific_max_filesize: 260] // [skipped_no_match: 20]
[2024-01-13 17:05:31,054] multiqc.plots.bargraph                             [DEBUG  ]  Using matplotlib version 3.8.2
[2024-01-13 17:05:31,055] multiqc.plots.linegraph                            [DEBUG  ]  Using matplotlib version 3.8.2
[2024-01-13 17:05:31,055] multiqc                                            [DEBUG  ]  No samples found: custom_content
[2024-01-13 17:05:31,153] multiqc.modules.fastqc.fastqc                      [INFO   ]  Found 20 reports
[2024-01-13 17:05:31,199] multiqc.utils.software_versions                    [DEBUG  ]  Reading software versions from config.software_versions
[2024-01-13 17:05:31,227] multiqc                                            [DEBUG  ]  Compressing plot data
[2024-01-13 17:05:31,428] multiqc                                            [INFO   ]  Existing reports found, adding suffix to filenames. Use '--force' to overwrite.
[2024-01-13 17:05:31,428] multiqc                                            [INFO   ]  Report      : results/rnaseq/multiqc/trimmed/Trimmed-reads-multiqc_multiqc_report_1.html
[2024-01-13 17:05:31,429] multiqc                                            [INFO   ]  Data        : results/rnaseq/multiqc/trimmed/Trimmed-reads-multiqc_multiqc_report_data_1
[2024-01-13 17:05:31,429] multiqc                                            [DEBUG  ]  Moving data file from '/tmp/tmp2odx3wog/multiqc_data' to 'results/rnaseq/multiqc/trimmed/Trimmed-reads-multiqc_multiqc_report_data_1'
[2024-01-13 17:05:31,430] multiqc                                            [DEBUG  ]  Full report path: /home/projects/22126_NGS/projects/group8/mikkel/NGS-Project/results/rnaseq/multiqc/trimmed/Trimmed-reads-multiqc_multiqc_report_1.html
[2024-01-13 17:05:31,526] multiqc                                            [INFO   ]  MultiQC complete
